nohup: ignoring input
Running with FF=V, nsq=1, cmass_index=1, ensemble=C2, use_disp=False
[1.0, -1.0, -1.0, 1.0, -1.0, 1.0, 1.0, -1.0, 1.0, -1.0, -1.0, 1.0]
0.4999484634399429 0.010437544211632043
Running with FF=V, nsq=2, cmass_index=1, ensemble=C2, use_disp=False
[1.0, 1.0, 1.0, 1.0, -1.0, -1.0, -1.0, -1.0, -1.0, -1.0, -1.0, 1.0, -1.0, 1.0, 1.0, 1.0, -1.0, -1.0, -1.0, -1.0, 1.0, 1.0, 1.0, 1.0, 1.0, 1.0, -1.0, -1.0, 1.0, 1.0, -1.0, -1.0, 1.0, 1.0, 1.0, -1.0, 1.0, -1.0, -1.0, -1.0, -1.0, -1.0, 1.0, 1.0, -1.0, -1.0, 1.0, 1.0]
0.47924297332763816 0.01193325090965088
Running with FF=V, nsq=3, cmass_index=1, ensemble=C2, use_disp=False
[1.0, 1.0, 1.0, -1.0, 1.0, -1.0, -1.0, -1.0, -1.0, -1.0, 1.0, -1.0, 1.0, -1.0, 1.0, 1.0, -1.0, -1.0, -1.0, 1.0, -1.0, 1.0, 1.0, 1.0, 1.0, -1.0, 1.0, 1.0, -1.0, -1.0, 1.0, -1.0, 1.0, 1.0, -1.0, 1.0, -1.0, 1.0, -1.0, -1.0, -1.0, 1.0, -1.0, -1.0, 1.0, 1.0, -1.0, 1.0]
0.46251587867736954 0.015804127920160557
Running with FF=V, nsq=4, cmass_index=1, ensemble=C2, use_disp=False
[0.5, -0.5, -0.5, 0.5, -0.5, 0.5, 0.5, -0.5, 0.5, -0.5, -0.5, 0.5]
0.4803679943084731 0.021454101151138143
Running with FF=V, nsq=5, cmass_index=1, ensemble=C2, use_disp=False
[0.5, 1.0, 0.5, 1.0, 0.5, 0.5, -1.0, -1.0, 1.0, 1.0, -0.5, -0.5, -1.0, -0.5, -1.0, -0.5, -1.0, -0.5, -0.5, -1.0, -0.5, 1.0, -0.5, 1.0, -1.0, 0.5, -1.0, 0.5, 1.0, 0.5, 0.5, 1.0, -0.5, -1.0, -0.5, -1.0, -0.5, -0.5, 1.0, 1.0, -1.0, -1.0, 0.5, 0.5, 1.0, 0.5, 1.0, 0.5, 1.0, 1.0, 0.5, 0.5, -1.0, -1.0, 0.5, 0.5, -0.5, -0.5, 1.0, 1.0, -0.5, -0.5, -1.0, -1.0, 1.0, 0.5, 0.5, 1.0, 0.5, -1.0, 0.5, -1.0, 1.0, -0.5, 1.0, -0.5, -1.0, -0.5, -0.5, -1.0, -1.0, -1.0, -0.5, -0.5, 1.0, 1.0, -0.5, -0.5, 0.5, 0.5, -1.0, -1.0, 0.5, 0.5, 1.0, 1.0]
0.4602062892913832 0.02445530633260738
Running with FF=A0, nsq=1, cmass_index=1, ensemble=C2, use_disp=False
0.188706035614014 0.003382845324819236
Running with FF=A0, nsq=2, cmass_index=1, ensemble=C2, use_disp=False
0.1798263263702395 0.003968204463334096
Running with FF=A0, nsq=3, cmass_index=1, ensemble=C2, use_disp=False
0.17366129875183128 0.00523442801847912
Running with FF=A0, nsq=4, cmass_index=1, ensemble=C2, use_disp=False
0.17010864257812527 0.008569741353040877
Running with FF=A0, nsq=5, cmass_index=1, ensemble=C2, use_disp=False
0.1719337749481204 0.008416108389066132
Running with FF=A1, nsq=0, cmass_index=1, ensemble=C2, use_disp=False
0.29215870857238846 0.004551023787025005
Running with FF=A1, nsq=1, cmass_index=1, ensemble=C2, use_disp=False
0.2805825328826912 0.005065638884318812
Running with FF=A1, nsq=2, cmass_index=1, ensemble=C2, use_disp=False
0.27414258003234926 0.006484325472776874
Running with FF=A1, nsq=4, cmass_index=1, ensemble=C2, use_disp=False
0.2722785186767584 0.012009963363114414
Running with FF=A1, nsq=5, cmass_index=1, ensemble=C2, use_disp=False
0.28229435920715407 0.014629739486739955
