nohup: ignoring input
Running with FF=V, nsq=1, cmass_index=2, ensemble=C2, use_disp=False
[1.0, -1.0, -1.0, 1.0, -1.0, 1.0, 1.0, -1.0, 1.0, -1.0, -1.0, 1.0]
0.4834700775146499 0.010313979531895352
Running with FF=V, nsq=2, cmass_index=2, ensemble=C2, use_disp=False
[1.0, 1.0, 1.0, 1.0, -1.0, -1.0, -1.0, -1.0, -1.0, -1.0, -1.0, 1.0, -1.0, 1.0, 1.0, 1.0, -1.0, -1.0, -1.0, -1.0, 1.0, 1.0, 1.0, 1.0, 1.0, 1.0, -1.0, -1.0, 1.0, 1.0, -1.0, -1.0, 1.0, 1.0, 1.0, -1.0, 1.0, -1.0, -1.0, -1.0, -1.0, -1.0, 1.0, 1.0, -1.0, -1.0, 1.0, 1.0]
0.4679329586029065 0.011740791981983249
Running with FF=V, nsq=3, cmass_index=2, ensemble=C2, use_disp=False
[1.0, 1.0, 1.0, -1.0, 1.0, -1.0, -1.0, -1.0, -1.0, -1.0, 1.0, -1.0, 1.0, -1.0, 1.0, 1.0, -1.0, -1.0, -1.0, 1.0, -1.0, 1.0, 1.0, 1.0, 1.0, -1.0, 1.0, 1.0, -1.0, -1.0, 1.0, -1.0, 1.0, 1.0, -1.0, 1.0, -1.0, 1.0, -1.0, -1.0, -1.0, 1.0, -1.0, -1.0, 1.0, 1.0, -1.0, 1.0]
0.4553751754760755 0.015286320660882547
Running with FF=V, nsq=4, cmass_index=2, ensemble=C2, use_disp=False
[0.5, -0.5, -0.5, 0.5, -0.5, 0.5, 0.5, -0.5, 0.5, -0.5, -0.5, 0.5]
0.46917379379272584 0.020449617308087687
Running with FF=V, nsq=5, cmass_index=2, ensemble=C2, use_disp=False
[0.5, 1.0, 0.5, 1.0, 0.5, 0.5, -1.0, -1.0, 1.0, 1.0, -0.5, -0.5, -1.0, -0.5, -1.0, -0.5, -1.0, -0.5, -0.5, -1.0, -0.5, 1.0, -0.5, 1.0, -1.0, 0.5, -1.0, 0.5, 1.0, 0.5, 0.5, 1.0, -0.5, -1.0, -0.5, -1.0, -0.5, -0.5, 1.0, 1.0, -1.0, -1.0, 0.5, 0.5, 1.0, 0.5, 1.0, 0.5, 1.0, 1.0, 0.5, 0.5, -1.0, -1.0, 0.5, 0.5, -0.5, -0.5, 1.0, 1.0, -0.5, -0.5, -1.0, -1.0, 1.0, 0.5, 0.5, 1.0, 0.5, -1.0, 0.5, -1.0, 1.0, -0.5, 1.0, -0.5, -1.0, -0.5, -0.5, -1.0, -1.0, -1.0, -0.5, -0.5, 1.0, 1.0, -0.5, -0.5, 0.5, 0.5, -1.0, -1.0, 0.5, 0.5, 1.0, 1.0]
0.45557090759277474 0.023322430046073237
Running with FF=A0, nsq=1, cmass_index=2, ensemble=C2, use_disp=False
0.19330622673034703 0.0035359930252460772
Running with FF=A0, nsq=2, cmass_index=2, ensemble=C2, use_disp=False
0.1860852813720706 0.004125973366217793
Running with FF=A0, nsq=3, cmass_index=2, ensemble=C2, use_disp=False
0.18110088348388698 0.0053775737454037995
Running with FF=A0, nsq=4, cmass_index=2, ensemble=C2, use_disp=False
0.17846059799194364 0.008475726213135285
Running with FF=A0, nsq=5, cmass_index=2, ensemble=C2, use_disp=False
0.18088479042053246 0.008497681401992103
Running with FF=A1, nsq=0, cmass_index=2, ensemble=C2, use_disp=False
0.2919919967651374 0.004719687044706649
Running with FF=A1, nsq=1, cmass_index=2, ensemble=C2, use_disp=False
0.28282241821289134 0.005205524408986634
Running with FF=A1, nsq=2, cmass_index=2, ensemble=C2, use_disp=False
0.27789030075073307 0.006559908816839829
Running with FF=A1, nsq=4, cmass_index=2, ensemble=C2, use_disp=False
0.2770614337921149 0.011758166739350767
Running with FF=A1, nsq=5, cmass_index=2, ensemble=C2, use_disp=False
0.2861794090271004 0.014342024015369393
