nohup: ignoring input
Running with FF=V, nsq=1, cmass_index=2, ensemble=C1, use_disp=True
[1.0, -1.0, -1.0, 1.0, -1.0, 1.0, 1.0, -1.0, 1.0, -1.0, -1.0, 1.0]
0.4796466636657729 0.008446797013587626
Running with FF=V, nsq=2, cmass_index=2, ensemble=C1, use_disp=True
[1.0, 1.0, 1.0, 1.0, -1.0, -1.0, -1.0, -1.0, -1.0, -1.0, -1.0, 1.0, -1.0, 1.0, 1.0, 1.0, -1.0, -1.0, -1.0, -1.0, 1.0, 1.0, 1.0, 1.0, 1.0, 1.0, -1.0, -1.0, 1.0, 1.0, -1.0, -1.0, 1.0, 1.0, 1.0, -1.0, 1.0, -1.0, -1.0, -1.0, -1.0, -1.0, 1.0, 1.0, -1.0, -1.0, 1.0, 1.0]
0.4560852241516127 0.009630166477522602
Running with FF=V, nsq=3, cmass_index=2, ensemble=C1, use_disp=True
[1.0, 1.0, 1.0, -1.0, 1.0, -1.0, -1.0, -1.0, -1.0, -1.0, 1.0, -1.0, 1.0, -1.0, 1.0, 1.0, -1.0, -1.0, -1.0, 1.0, -1.0, 1.0, 1.0, 1.0, 1.0, -1.0, 1.0, 1.0, -1.0, -1.0, 1.0, -1.0, 1.0, 1.0, -1.0, 1.0, -1.0, 1.0, -1.0, -1.0, -1.0, 1.0, -1.0, -1.0, 1.0, 1.0, -1.0, 1.0]
0.43356819152832154 0.012715609846431308
Running with FF=V, nsq=4, cmass_index=2, ensemble=C1, use_disp=True
[0.5, -0.5, -0.5, 0.5, -0.5, 0.5, 0.5, -0.5, 0.5, -0.5, -0.5, 0.5]
0.3996523380279552 0.017692222864205822
Running with FF=V, nsq=5, cmass_index=2, ensemble=C1, use_disp=True
[0.5, 1.0, 0.5, 1.0, 0.5, 0.5, -1.0, -1.0, 1.0, 1.0, -0.5, -0.5, -1.0, -0.5, -1.0, -0.5, -1.0, -0.5, -0.5, -1.0, -0.5, 1.0, -0.5, 1.0, -1.0, 0.5, -1.0, 0.5, 1.0, 0.5, 0.5, 1.0, -0.5, -1.0, -0.5, -1.0, -0.5, -0.5, 1.0, 1.0, -1.0, -1.0, 0.5, 0.5, 1.0, 0.5, 1.0, 0.5, 1.0, 1.0, 0.5, 0.5, -1.0, -1.0, 0.5, 0.5, -0.5, -0.5, 1.0, 1.0, -0.5, -0.5, -1.0, -1.0, 1.0, 0.5, 0.5, 1.0, 0.5, -1.0, 0.5, -1.0, 1.0, -0.5, 1.0, -0.5, -1.0, -0.5, -0.5, -1.0, -1.0, -1.0, -0.5, -0.5, 1.0, 1.0, -0.5, -0.5, 0.5, 0.5, -1.0, -1.0, 0.5, 0.5, 1.0, 1.0]
0.36000657081604104 0.0200260853040629
Running with FF=A0, nsq=1, cmass_index=2, ensemble=C1, use_disp=True
0.19426516532897986 0.00300135387712475
Running with FF=A0, nsq=2, cmass_index=2, ensemble=C1, use_disp=True
0.18283617973327665 0.0034997664255445333
Running with FF=A0, nsq=3, cmass_index=2, ensemble=C1, use_disp=True
0.17259308815002466 0.004588932039422731
Running with FF=A0, nsq=4, cmass_index=2, ensemble=C1, use_disp=True
0.17972896575927763 0.007607918559071129
Running with FF=A0, nsq=5, cmass_index=2, ensemble=C1, use_disp=True
0.15739244461059587 0.007447362767098291
Running with FF=A1, nsq=0, cmass_index=2, ensemble=C1, use_disp=True
0.28961691856384353 0.0037786408804784755
Running with FF=A1, nsq=1, cmass_index=2, ensemble=C1, use_disp=True
0.2791590595245368 0.004198383093460284
Running with FF=A1, nsq=2, cmass_index=2, ensemble=C1, use_disp=True
0.2697441482543951 0.005432434161247561
Running with FF=A1, nsq=4, cmass_index=2, ensemble=C1, use_disp=True
0.24190340042114306 0.010054698445936788
Running with FF=A1, nsq=5, cmass_index=2, ensemble=C1, use_disp=True
0.22791130065918014 0.012375629227109636
