nohup: ignoring input
Running with FF=V, nsq=1, cmass_index=0, ensemble=C2, use_disp=True
[1.0, -1.0, -1.0, 1.0, -1.0, 1.0, 1.0, -1.0, 1.0, -1.0, -1.0, 1.0]
0.5153340911865248 0.010697047496895273
Running with FF=V, nsq=2, cmass_index=0, ensemble=C2, use_disp=True
[1.0, 1.0, 1.0, 1.0, -1.0, -1.0, -1.0, -1.0, -1.0, -1.0, -1.0, 1.0, -1.0, 1.0, 1.0, 1.0, -1.0, -1.0, -1.0, -1.0, 1.0, 1.0, 1.0, 1.0, 1.0, 1.0, -1.0, -1.0, 1.0, 1.0, -1.0, -1.0, 1.0, 1.0, 1.0, -1.0, 1.0, -1.0, -1.0, -1.0, -1.0, -1.0, 1.0, 1.0, -1.0, -1.0, 1.0, 1.0]
0.4886323547363296 0.012270597327845353
Running with FF=V, nsq=3, cmass_index=0, ensemble=C2, use_disp=True
[1.0, 1.0, 1.0, -1.0, 1.0, -1.0, -1.0, -1.0, -1.0, -1.0, 1.0, -1.0, 1.0, -1.0, 1.0, 1.0, -1.0, -1.0, -1.0, 1.0, -1.0, 1.0, 1.0, 1.0, 1.0, -1.0, 1.0, 1.0, -1.0, -1.0, 1.0, -1.0, 1.0, 1.0, -1.0, 1.0, -1.0, 1.0, -1.0, -1.0, -1.0, 1.0, -1.0, -1.0, 1.0, 1.0, -1.0, 1.0]
0.46738736152649063 0.0165649806284503
Running with FF=V, nsq=4, cmass_index=0, ensemble=C2, use_disp=True
[0.5, -0.5, -0.5, 0.5, -0.5, 0.5, 0.5, -0.5, 0.5, -0.5, -0.5, 0.5]
0.48996069908142237 0.022924460292891465
Running with FF=V, nsq=5, cmass_index=0, ensemble=C2, use_disp=True
[0.5, 1.0, 0.5, 1.0, 0.5, 0.5, -1.0, -1.0, 1.0, 1.0, -0.5, -0.5, -1.0, -0.5, -1.0, -0.5, -1.0, -0.5, -0.5, -1.0, -0.5, 1.0, -0.5, 1.0, -1.0, 0.5, -1.0, 0.5, 1.0, 0.5, 0.5, 1.0, -0.5, -1.0, -0.5, -1.0, -0.5, -0.5, 1.0, 1.0, -1.0, -1.0, 0.5, 0.5, 1.0, 0.5, 1.0, 0.5, 1.0, 1.0, 0.5, 0.5, -1.0, -1.0, 0.5, 0.5, -0.5, -0.5, 1.0, 1.0, -0.5, -0.5, -1.0, -1.0, 1.0, 0.5, 0.5, 1.0, 0.5, -1.0, 0.5, -1.0, 1.0, -0.5, 1.0, -0.5, -1.0, -0.5, -0.5, -1.0, -1.0, -1.0, -0.5, -0.5, 1.0, 1.0, -0.5, -0.5, 0.5, 0.5, -1.0, -1.0, 0.5, 0.5, 1.0, 1.0]
0.46338364601135384 0.026076664405395106
Running with FF=A0, nsq=1, cmass_index=0, ensemble=C2, use_disp=True
0.18238818168640164 0.003241987497642981
Running with FF=A0, nsq=2, cmass_index=0, ensemble=C2, use_disp=True
0.17171965599060085 0.003822844520446795
Running with FF=A0, nsq=3, cmass_index=0, ensemble=C2, use_disp=True
0.16438149452209494 0.005107124269147643
Running with FF=A0, nsq=4, cmass_index=0, ensemble=C2, use_disp=True
0.16009394645690933 0.008728082764848126
Running with FF=A0, nsq=5, cmass_index=0, ensemble=C2, use_disp=True
0.16124547004699724 0.008366722607289823
Running with FF=A1, nsq=0, cmass_index=0, ensemble=C2, use_disp=True
0.290119066238404 0.004388624530467701
Running with FF=A1, nsq=1, cmass_index=0, ensemble=C2, use_disp=True
0.27586704254150457 0.004939525811249695
Running with FF=A1, nsq=2, cmass_index=0, ensemble=C2, use_disp=True
0.26794682502746636 0.006441239652366241
Running with FF=A1, nsq=4, cmass_index=0, ensemble=C2, use_disp=True
0.2651544952392583 0.012379882816958234
Running with FF=A1, nsq=5, cmass_index=0, ensemble=C2, use_disp=True
0.2766941642761237 0.015069594769629257
