nohup: ignoring input
Running with FF=V, nsq=1, cmass_index=1, ensemble=C1, use_disp=True
[1.0, -1.0, -1.0, 1.0, -1.0, 1.0, 1.0, -1.0, 1.0, -1.0, -1.0, 1.0]
0.4967943000793471 0.008534973186382442
Running with FF=V, nsq=2, cmass_index=1, ensemble=C1, use_disp=True
[1.0, 1.0, 1.0, 1.0, -1.0, -1.0, -1.0, -1.0, -1.0, -1.0, -1.0, 1.0, -1.0, 1.0, 1.0, 1.0, -1.0, -1.0, -1.0, -1.0, 1.0, 1.0, 1.0, 1.0, 1.0, 1.0, -1.0, -1.0, 1.0, 1.0, -1.0, -1.0, 1.0, 1.0, 1.0, -1.0, 1.0, -1.0, -1.0, -1.0, -1.0, -1.0, 1.0, 1.0, -1.0, -1.0, 1.0, 1.0]
0.46859864234924453 0.00971803851836899
Running with FF=V, nsq=3, cmass_index=1, ensemble=C1, use_disp=True
[1.0, 1.0, 1.0, -1.0, 1.0, -1.0, -1.0, -1.0, -1.0, -1.0, 1.0, -1.0, 1.0, -1.0, 1.0, 1.0, -1.0, -1.0, -1.0, 1.0, -1.0, 1.0, 1.0, 1.0, 1.0, -1.0, 1.0, 1.0, -1.0, -1.0, 1.0, -1.0, 1.0, 1.0, -1.0, 1.0, -1.0, 1.0, -1.0, -1.0, -1.0, 1.0, -1.0, -1.0, 1.0, 1.0, -1.0, 1.0]
0.4412422752380384 0.013046088606982826
Running with FF=V, nsq=4, cmass_index=1, ensemble=C1, use_disp=True
[0.5, -0.5, -0.5, 0.5, -0.5, 0.5, 0.5, -0.5, 0.5, -0.5, -0.5, 0.5]
0.4037799167633068 0.018618364224702737
Running with FF=V, nsq=5, cmass_index=1, ensemble=C1, use_disp=True
[0.5, 1.0, 0.5, 1.0, 0.5, 0.5, -1.0, -1.0, 1.0, 1.0, -0.5, -0.5, -1.0, -0.5, -1.0, -0.5, -1.0, -0.5, -0.5, -1.0, -0.5, 1.0, -0.5, 1.0, -1.0, 0.5, -1.0, 0.5, 1.0, 0.5, 0.5, 1.0, -0.5, -1.0, -0.5, -1.0, -0.5, -0.5, 1.0, 1.0, -1.0, -1.0, 0.5, 0.5, 1.0, 0.5, 1.0, 0.5, 1.0, 1.0, 0.5, 0.5, -1.0, -1.0, 0.5, 0.5, -0.5, -0.5, 1.0, 1.0, -0.5, -0.5, -1.0, -1.0, 1.0, 0.5, 0.5, 1.0, 0.5, -1.0, 0.5, -1.0, 1.0, -0.5, 1.0, -0.5, -1.0, -0.5, -0.5, -1.0, -1.0, -1.0, -0.5, -0.5, 1.0, 1.0, -0.5, -0.5, 0.5, 0.5, -1.0, -1.0, 0.5, 0.5, 1.0, 1.0]
0.35971034049987893 0.02089276511406243
Running with FF=A0, nsq=1, cmass_index=1, ensemble=C1, use_disp=True
0.1901908874511722 0.0028644606279900854
Running with FF=A0, nsq=2, cmass_index=1, ensemble=C1, use_disp=True
0.17721841812133812 0.003325144302298619
Running with FF=A0, nsq=3, cmass_index=1, ensemble=C1, use_disp=True
0.16608234405517602 0.004417004669637278
Running with FF=A0, nsq=4, cmass_index=1, ensemble=C1, use_disp=True
0.1731623935699465 0.007709418467363925
Running with FF=A0, nsq=5, cmass_index=1, ensemble=C1, use_disp=True
0.14894838333129906 0.0073515143586712845
Running with FF=A1, nsq=0, cmass_index=1, ensemble=C1, use_disp=True
0.28951408386230537 0.003624977377794896
Running with FF=A1, nsq=1, cmass_index=1, ensemble=C1, use_disp=True
0.27714333534240787 0.004021593837042337
Running with FF=A1, nsq=2, cmass_index=1, ensemble=C1, use_disp=True
0.26628311157226614 0.0053041981095547286
Running with FF=A1, nsq=4, cmass_index=1, ensemble=C1, use_disp=True
0.23476740837097215 0.010212130955960462
Running with FF=A1, nsq=5, cmass_index=1, ensemble=C1, use_disp=True
0.21933538436889694 0.012635420425539471
